info it worked if it ends with ok
verbose cli [ 'node', '/usr/local/bin/npm', 'test' ]
info using npm@1.0.105
info using node@v0.6.1
verbose config file /Users/mattbaker/.npmrc
verbose config file /usr/local/etc/npmrc
verbose config file /usr/local/lib/node_modules/npm/npmrc
silly testEngine { author: { name: 'Matt Baker' },
silly testEngine   name: 'luhnybin',
silly testEngine   description: 'A CoffeeScript-based solution to Square\'s LuhnyBin challenge',
silly testEngine   version: '1.0.1',
silly testEngine   repository: { type: 'git', url: 'git://github.com/reissbaker/luhnybin.git' },
silly testEngine   main: 'index.js',
silly testEngine   scripts: { test: 'vows build/tests/', build: 'cake build' },
silly testEngine   engines: { node: '>= 0.6.1' },
silly testEngine   dependencies: {},
silly testEngine   devDependencies: { 'coffee-script': '1.1.3', vows: '0.5.13' },
silly testEngine   _npmUser: { name: 'reissbaker', email: 'matthew.reiss.baker@gmail.com' },
silly testEngine   _id: 'luhnybin@1.0.1',
silly testEngine   _engineSupported: true,
silly testEngine   _npmVersion: '1.0.105',
silly testEngine   _nodeVersion: 'v0.6.1',
silly testEngine   _defaultsLoaded: true }
verbose caching /Users/mattbaker/Hack/luhnybin/package.json
verbose loadDefaults luhnybin@1.0.1
verbose run-script [ 'pretest', 'test', 'posttest' ]
info pretest luhnybin@1.0.1
info test luhnybin@1.0.1
verbose unsafe-perm in lifecycle true
silly exec sh "-c" "vows build/tests/"
silly spawning [ 'sh',
silly spawning   [ '-c', 'vows build/tests/' ],
silly spawning   '/Users/mattbaker/Hack/luhnybin' ]
info luhnybin@1.0.1 Failed to exec test script
ERR! luhnybin@1.0.1 test: `vows build/tests/`
ERR! `sh "-c" "vows build/tests/"` failed with 1
ERR! 
ERR! Failed at the luhnybin@1.0.1 test script.
ERR! This is most likely a problem with the luhnybin package,
ERR! not with npm itself.
ERR! Tell the author that this fails on your system:
ERR!     vows build/tests/
ERR! You can get their info via:
ERR!     npm owner ls luhnybin
ERR! There is likely additional logging output above.
ERR! 
ERR! System Darwin 11.2.0
ERR! command "node" "/usr/local/bin/npm" "test"
ERR! cwd /Users/mattbaker/Hack/luhnybin
ERR! node -v v0.6.1
ERR! npm -v 1.0.105
ERR! code ELIFECYCLE
verbose exit [ 1, true ]
